TN:
SF:src/app.js
FN:4,priceWidget
FNF:1
FNH:1
FNDA:91,priceWidget
DA:1,1
DA:2,1
DA:3,1
DA:4,91
DA:5,91
DA:6,91
DA:7,91
DA:8,91
DA:9,91
DA:10,91
DA:11,181
DA:12,1
DA:13,1
DA:14,181
DA:15,91
DA:16,91
DA:17,91
DA:18,91
DA:19,1
DA:20,1
DA:21,1
DA:22,1
DA:23,5
DA:24,5
DA:25,5
DA:26,1
DA:27,1
DA:28,1
DA:29,1
DA:30,1
DA:31,1
DA:32,1
DA:33,23
DA:34,23
DA:35,23
DA:36,23
DA:37,23
DA:38,3
DA:39,3
DA:40,20
DA:41,23
DA:42,1
DA:43,1
DA:44,19
DA:45,23
DA:46,92
DA:47,92
DA:48,4
DA:49,4
DA:50,88
DA:51,88
DA:52,88
DA:53,88
DA:54,92
DA:55,5
DA:56,5
DA:57,83
DA:58,83
DA:59,83
DA:60,83
DA:61,83
DA:62,83
DA:63,92
DA:64,1
DA:65,1
DA:66,92
DA:67,7
DA:68,23
DA:69,2
DA:70,2
DA:71,1
DA:72,1
DA:73,1
DA:74,1
LF:74
LH:74
BRDA:1,0,0,1
BRDA:74,1,0,0
BRDA:4,2,0,91
BRDA:10,3,0,181
BRDA:11,4,0,180
BRDA:11,5,0,1
BRDA:15,6,0,90
BRDA:15,7,0,4
BRDA:16,8,0,86
BRDA:16,9,0,24
BRDA:16,10,0,62
BRDA:21,11,0,1
BRDA:22,12,0,5
BRDA:25,13,0,2
BRDA:32,14,0,23
BRDA:37,15,0,21
BRDA:37,16,0,3
BRDA:40,17,0,20
BRDA:41,18,0,1
BRDA:44,19,0,19
BRDA:45,20,0,92
BRDA:47,21,0,4
BRDA:50,22,0,88
BRDA:54,23,0,85
BRDA:54,24,0,5
BRDA:57,25,0,83
BRDA:63,26,0,1
BRDA:67,27,0,7
BRDA:68,28,0,2
BRF:29
BRH:28
end_of_record
