TN:
SF:src/app.js
FN:4,priceWidget
FNF:1
FNH:1
FNDA:69,priceWidget
DA:1,1
DA:2,1
DA:3,1
DA:4,69
DA:5,69
DA:6,69
DA:7,69
DA:8,69
DA:9,69
DA:10,69
DA:11,137
DA:12,1
DA:13,1
DA:14,137
DA:15,69
DA:16,69
DA:17,69
DA:18,69
DA:19,1
DA:20,1
DA:21,1
DA:22,1
DA:23,4
DA:24,4
DA:25,4
DA:26,1
DA:27,1
DA:28,1
DA:29,1
DA:30,1
DA:31,1
DA:32,1
DA:33,19
DA:34,19
DA:35,19
DA:36,19
DA:37,19
DA:38,3
DA:39,3
DA:40,16
DA:41,19
DA:42,1
DA:43,1
DA:44,15
DA:45,19
DA:46,69
DA:47,69
DA:48,4
DA:49,4
DA:50,65
DA:51,65
DA:52,65
DA:53,65
DA:54,69
DA:55,3
DA:56,3
DA:57,62
DA:58,62
DA:59,7
DA:60,19
DA:61,1
DA:62,1
DA:63,1
DA:64,1
DA:65,1
DA:66,1
LF:66
LH:66
BRDA:1,0,0,1
BRDA:66,1,0,0
BRDA:4,2,0,69
BRDA:10,3,0,137
BRDA:11,4,0,136
BRDA:11,5,0,1
BRDA:15,6,0,68
BRDA:15,7,0,3
BRDA:16,8,0,65
BRDA:16,9,0,4
BRDA:16,10,0,61
BRDA:21,11,0,1
BRDA:22,12,0,4
BRDA:25,13,0,2
BRDA:32,14,0,19
BRDA:37,15,0,17
BRDA:37,16,0,3
BRDA:40,17,0,16
BRDA:41,18,0,1
BRDA:44,19,0,15
BRDA:45,20,0,69
BRDA:47,21,0,4
BRDA:50,22,0,65
BRDA:54,23,0,63
BRDA:54,24,0,3
BRDA:57,25,0,62
BRDA:59,26,0,7
BRDA:60,27,0,1
BRF:28
BRH:27
end_of_record
