TN:
SF:src/app.js
FN:4,priceWidget
FNF:1
FNH:1
FNDA:71,priceWidget
DA:1,1
DA:2,1
DA:3,1
DA:4,71
DA:5,71
DA:6,71
DA:7,71
DA:8,71
DA:9,71
DA:10,71
DA:11,141
DA:12,1
DA:13,1
DA:14,141
DA:15,71
DA:16,71
DA:17,71
DA:18,71
DA:19,1
DA:20,1
DA:21,1
DA:22,1
DA:23,5
DA:24,5
DA:25,5
DA:26,1
DA:27,1
DA:28,1
DA:29,1
DA:30,1
DA:31,1
DA:32,1
DA:33,22
DA:34,22
DA:35,22
DA:36,22
DA:37,22
DA:38,3
DA:39,3
DA:40,19
DA:41,22
DA:42,1
DA:43,1
DA:44,18
DA:45,22
DA:46,72
DA:47,72
DA:48,4
DA:49,4
DA:50,68
DA:51,68
DA:52,68
DA:53,68
DA:54,72
DA:55,5
DA:56,5
DA:57,63
DA:58,63
DA:59,7
DA:60,22
DA:61,2
DA:62,2
DA:63,1
DA:64,1
DA:65,1
DA:66,1
LF:66
LH:66
BRDA:1,0,0,1
BRDA:66,1,0,0
BRDA:4,2,0,71
BRDA:10,3,0,141
BRDA:11,4,0,140
BRDA:11,5,0,1
BRDA:15,6,0,70
BRDA:15,7,0,4
BRDA:16,8,0,66
BRDA:16,9,0,4
BRDA:16,10,0,62
BRDA:21,11,0,1
BRDA:22,12,0,5
BRDA:25,13,0,2
BRDA:32,14,0,22
BRDA:37,15,0,20
BRDA:37,16,0,3
BRDA:40,17,0,19
BRDA:41,18,0,1
BRDA:44,19,0,18
BRDA:45,20,0,72
BRDA:47,21,0,4
BRDA:50,22,0,68
BRDA:54,23,0,65
BRDA:54,24,0,5
BRDA:57,25,0,63
BRDA:59,26,0,7
BRDA:60,27,0,2
BRF:28
BRH:27
end_of_record
